<?xml version="1.0" encoding="UTF-8"?>
<!-- Generated by org.testng.reporters.JUnitReportReporter -->
<testsuite hostname="DESKTOP-K462EQS" failures="0" tests="3" name="techPandaMavenTest.TechPandaTest" time="29.433" errors="0" timestamp="2023-02-03T14:58:57 IST" skipped="0">
  <testcase classname="techPandaMavenTest.TechPandaTest" name="sortedByFunctionality" time="8.957"/>
  <system-out>
    <![CDATA[$100.00
$100.00
Rate of Sony Xperiya mobile on both page is same]]>
  </system-out>
  <testcase classname="techPandaMavenTest.TechPandaTest" name="addToCartFunctionality" time="8.021"/>
  <system-out>
    <![CDATA[Actual and Expected Error are same
cart is empty]]>
  </system-out>
  <testcase classname="techPandaMavenTest.TechPandaTest" name="compairingTwoProduct" time="12.455"/>
  <system-out/>
</testsuite> <!-- techPandaMavenTest.TechPandaTest -->
