<?xml version="1.0" encoding="UTF-8"?>
<!-- Generated by org.testng.reporters.JUnitReportReporter -->
<testsuite hostname="DESKTOP-K462EQS" failures="0" tests="1" name="techPandaMavenTest.TechPandaTest" time="9.865" errors="0" timestamp="2023-02-03T12:29:36 IST" skipped="0">
  <testcase classname="techPandaMavenTest.TechPandaTest" name="addToCartFunctionality" time="9.865"/>
  <system-out>
    <![CDATA[Actual and Expected Error are same
cart is empty]]>
  </system-out>
</testsuite> <!-- techPandaMavenTest.TechPandaTest -->
